[2021-02-18 21:23:57] START
[2021-02-18 21:37:43] CREATE basics.py: 0
[2021-02-18 21:41:13] EDIT bmenn/controllers/basics.py: 4
[2021-02-18 21:44:07] CREATE basics/helloworld.html: 0
[2021-02-18 21:46:22] EDIT bmenn/views/basics/helloworld.html: 0
[2021-02-18 22:01:41] EDIT bmenn/views/basics/helloworld.html: 0
[2021-02-18 22:06:48] EDIT bmenn/views/basics/helloworld.html: 3
[2021-02-18 22:11:41] EDIT bmenn/controllers/basics.py: 5
[2021-02-18 22:14:51] CREATE basics/request_args.html: 0
[2021-02-18 22:15:53] EDIT bmenn/views/basics/request_args.html: 2
[2021-02-18 22:15:57] EDIT bmenn/views/basics/request_args.html: 0
[2021-02-18 22:19:31] EDIT bmenn/controllers/basics.py: 0
[2021-02-18 22:20:15] EDIT bmenn/controllers/basics.py: 0
[2021-02-18 22:27:49] EDIT bmenn/controllers/basics.py: 9
[2021-02-18 22:28:24] EDIT bmenn/controllers/basics.py: 0
[2021-02-18 22:28:48] CREATE basics/request_vars.html: 0
[2021-02-18 22:30:47] EDIT bmenn/views/basics/request_vars.html: 4
[2021-02-18 22:31:54] EDIT bmenn/views/basics/request_vars.html: 3
[2021-02-18 22:31:59] EDIT bmenn/views/basics/request_vars.html: 0
[2021-02-18 22:32:46] EDIT bmenn/views/basics/request_vars.html: 0
[2021-02-18 22:33:52] EDIT bmenn/controllers/basics.py: -3
[2021-02-18 22:34:07] EDIT bmenn/controllers/basics.py: 3
[2021-02-18 22:34:47] EDIT bmenn/controllers/basics.py: 0
[2021-02-18 22:35:58] EDIT bmenn/views/basics/request_vars.html: 0
[2021-02-18 22:36:09] EDIT bmenn/views/basics/request_vars.html: 0
[2021-02-18 22:45:47] EDIT bmenn/controllers/basics.py: 10
[2021-02-18 22:46:23] CREATE basics/request_object.html: 0
[2021-02-18 22:49:34] EDIT bmenn/views/basics/request_object.html: 9
[2021-02-18 22:49:40] EDIT bmenn/views/basics/request_object.html: 0
[2021-02-18 22:51:09] EDIT bmenn/views/basics/request_object.html: 0
[2021-02-18 22:54:30] EDIT bmenn/views/basics/request_object.html: 0
[2021-02-19 21:40:37] EDIT bmenn/controllers/basics.py: 12
[2021-02-19 21:40:49] EDIT bmenn/controllers/basics.py: 0
[2021-02-19 21:40:56] EDIT bmenn/controllers/basics.py: 0
[2021-02-19 21:41:00] EDIT bmenn/controllers/basics.py: 0
[2021-02-19 21:42:25] EDIT bmenn/controllers/basics.py: 0
[2021-02-19 21:43:40] CREATE basics/random_number.html: 0
[2021-02-19 21:46:24] EDIT bmenn/views/basics/random_number.html: 5
