[2021-02-21 04:57:47] START
[2021-02-21 04:58:01] CREATE basics.py: 0
[2021-02-21 04:58:47] EDIT bmenn/controllers/basics.py: 40
[2021-02-21 04:59:13] CREATE basics/random_number.html: 0
[2021-02-21 04:59:45] EDIT bmenn/views/basics/random_number.html: 5
[2021-02-21 05:09:24] EDIT bmenn/views/default/index.html: 0
[2021-02-21 05:22:21] EDIT bmenn/models/db.py: 8
[2021-02-21 05:26:33] EDIT bmenn/models/db.py: 0
[2021-02-21 05:26:46] EDIT bmenn/models/db.py: 0
[2021-02-21 05:26:54] EDIT bmenn/models/db.py: 0
[2021-02-21 05:28:51] CREATE blog.py: 0
[2021-02-21 05:31:45] EDIT bmenn/controllers/blog.py: 6
[2021-02-21 05:32:04] EDIT bmenn/controllers/blog.py: 0
[2021-02-21 05:33:28] CREATE blog/post.html: 0
[2021-02-21 05:33:59] EDIT bmenn/views/blog/post.html: 0
[2021-02-21 05:46:36] EDIT bmenn/controllers/blog.py: 9
[2021-02-21 05:47:01] EDIT bmenn/controllers/blog.py: 0
[2021-02-21 05:47:19] EDIT bmenn/controllers/blog.py: 0
[2021-02-21 05:50:17] EDIT bmenn/views/default/index.html: 0
[2021-02-21 05:52:06] EDIT bmenn/views/default/index.html: 0
[2021-02-21 05:53:17] DELETE bmenn/views/plugin_layouts/layouts/Voyage.html: -181
[2021-02-21 06:09:45] EDIT bmenn/views/layout.html: -52
[2021-02-22 04:54:20] CREATE blog/view.html: 0
[2021-02-22 05:01:24] EDIT bmenn/views/blog/view.html: 15
[2021-02-22 05:02:27] EDIT bmenn/views/blog/view.html: -1
[2021-02-22 05:02:29] EDIT bmenn/views/blog/view.html: 0
[2021-02-22 05:02:49] EDIT bmenn/views/blog/view.html: 1
[2021-02-22 05:20:55] EDIT bmenn/models/db.py: 1
[2021-02-22 05:29:06] EDIT bmenn/controllers/blog.py: 0
[2021-02-22 05:33:01] EDIT bmenn/controllers/blog.py: 1
[2021-02-22 05:35:14] EDIT bmenn/controllers/blog.py: 0
[2021-02-22 05:36:05] EDIT bmenn/controllers/blog.py: -1
[2021-02-22 05:40:33] EDIT bmenn/controllers/blog.py: 1
[2021-02-22 05:44:57] EDIT bmenn/controllers/blog.py: 8
[2021-02-22 05:45:21] CREATE blog/update.html: 0
[2021-02-22 05:46:08] EDIT bmenn/views/blog/update.html: 0
